[11/12/2025, 23:26:14] Pó de Meteorita Celeste - 32% OFF - 134.550z por i love bank - Loja: "aa"
[11/12/2025, 23:26:14] Pó de Meteorita Crepuscular - 25% OFF - 133.750z por i love bank - Loja: "aa"
[11/12/2025, 23:26:14] Pó de Meteorita Escarlate - 28% OFF - 136.750z por i love bank - Loja: "aa"
[11/12/2025, 23:26:14] Pó de Meteorita Solar - 27% OFF - 133.750z por i love bank - Loja: "aa"
[11/12/2025, 23:26:14] Pó de Meteorita Verdejante - 18% OFF - 156.999z por i love bank - Loja: "aa"
[11/12/2025, 23:26:14] Essência de Batalha Concentrada - 20% OFF - 1.850.000z por Pilantrinha123 - Loja: "DISC hdsuicida"
[11/12/2025, 23:29:15] Pó de Meteorita Celeste - 32% OFF - 134.550z por i love bank - Loja: "aa"
[11/12/2025, 23:29:15] Pó de Meteorita Crepuscular - 25% OFF - 133.750z por i love bank - Loja: "aa"
[11/12/2025, 23:29:15] Pó de Meteorita Escarlate - 28% OFF - 136.750z por i love bank - Loja: "aa"
[11/12/2025, 23:29:15] Pó de Meteorita Solar - 27% OFF - 133.750z por i love bank - Loja: "aa"
[11/12/2025, 23:29:15] Pó de Meteorita Verdejante - 18% OFF - 156.999z por i love bank - Loja: "aa"
[11/12/2025, 23:29:15] Essência de Batalha Concentrada - 20% OFF - 1.850.000z por Pilantrinha123 - Loja: "DISC hdsuicida"
[11/12/2025, 23:32:15] Pó de Meteorita Celeste - 32% OFF - 134.550z por i love bank - Loja: "aa"
[11/12/2025, 23:32:15] Pó de Meteorita Crepuscular - 25% OFF - 133.749z por dealer westduC - Loja: "chill farm"
[11/12/2025, 23:32:15] Pó de Meteorita Escarlate - 28% OFF - 136.750z por i love bank - Loja: "aa"
[11/12/2025, 23:32:15] Pó de Meteorita Solar - 27% OFF - 133.749z por dealer westduC - Loja: "chill farm"
[11/12/2025, 23:32:15] Pó de Meteorita Verdejante - 18% OFF - 156.998z por dealer westduC - Loja: "chill farm"
[11/12/2025, 23:32:15] Essência de Batalha Concentrada - 20% OFF - 1.850.000z por Pilantrinha123 - Loja: "DISC hdsuicida"
[11/12/2025, 23:35:15] Pó de Meteorita Celeste - 32% OFF - 134.550z por i love bank - Loja: "aa"
[11/12/2025, 23:35:15] Pó de Meteorita Crepuscular - 25% OFF - 133.749z por dealer westduC - Loja: "chill farm"
[11/12/2025, 23:35:15] Pó de Meteorita Escarlate - 28% OFF - 136.750z por i love bank - Loja: "aa"
[11/12/2025, 23:35:16] Pó de Meteorita Solar - 27% OFF - 133.749z por dealer westduC - Loja: "chill farm"
[11/12/2025, 23:35:16] Pó de Meteorita Verdejante - 18% OFF - 156.998z por dealer westduC - Loja: "chill farm"
[11/12/2025, 23:35:16] Essência de Batalha Concentrada - 20% OFF - 1.850.000z por Pilantrinha123 - Loja: "DISC hdsuicida"
[11/12/2025, 23:38:15] Pó de Meteorita Celeste - 32% OFF - 134.999z por Preciose - Loja: "Bodismo"
[11/12/2025, 23:38:15] Pó de Meteorita Crepuscular - 25% OFF - 133.749z por dealer westduC - Loja: "chill farm"
[11/12/2025, 23:38:15] Pó de Meteorita Escarlate - 28% OFF - 136.999z por Preciose - Loja: "Bodismo"
[11/12/2025, 23:38:15] Pó de Meteorita Solar - 27% OFF - 133.749z por dealer westduC - Loja: "chill farm"
[11/12/2025, 23:38:15] Pó de Meteorita Verdejante - 18% OFF - 156.998z por dealer westduC - Loja: "chill farm"
[11/12/2025, 23:41:15] Pó de Meteorita Celeste - 32% OFF - 134.999z por Preciose - Loja: "Bodismo"
[11/12/2025, 23:41:15] Pó de Meteorita Crepuscular - 25% OFF - 133.749z por dealer westduC - Loja: "chill farm"
[11/12/2025, 23:41:15] Pó de Meteorita Escarlate - 28% OFF - 136.999z por Preciose - Loja: "Bodismo"
[11/12/2025, 23:41:15] Pó de Meteorita Solar - 27% OFF - 133.749z por dealer westduC - Loja: "chill farm"
[11/12/2025, 23:41:15] Pó de Meteorita Verdejante - 18% OFF - 156.998z por dealer westduC - Loja: "chill farm"
[11/12/2025, 23:43:52] Pó de Meteorita Celeste - 32% OFF - 134.999z por Preciose - Loja: "Bodismo"
[11/12/2025, 23:43:52] Pó de Meteorita Crepuscular - 25% OFF - 133.749z por dealer westduC - Loja: "chill farm"
[11/12/2025, 23:43:52] Pó de Meteorita Escarlate - 28% OFF - 136.999z por Preciose - Loja: "Bodismo"
[11/12/2025, 23:43:52] Pó de Meteorita Solar - 27% OFF - 133.749z por dealer westduC - Loja: "chill farm"
[11/12/2025, 23:43:52] Pó de Meteorita Verdejante - 18% OFF - 156.998z por dealer westduC - Loja: "chill farm"
[11/12/2025, 23:46:53] Pó de Meteorita Celeste - 32% OFF - 134.999z por Preciose - Loja: "Bodismo"
[11/12/2025, 23:46:53] Pó de Meteorita Crepuscular - 25% OFF - 133.749z por dealer westduC - Loja: "chill farm"
[11/12/2025, 23:46:53] Pó de Meteorita Escarlate - 28% OFF - 136.999z por Preciose - Loja: "Bodismo"
[11/12/2025, 23:46:53] Pó de Meteorita Solar - 27% OFF - 133.749z por dealer westduC - Loja: "chill farm"
[11/12/2025, 23:46:53] Pó de Meteorita Verdejante - 18% OFF - 156.998z por dealer westduC - Loja: "chill farm"
[11/12/2025, 23:47:59] Pó de Meteorita Celeste - 32% OFF - 134.999z por Preciose - Loja: "Bodismo"
[11/12/2025, 23:48:00] Pó de Meteorita Crepuscular - 25% OFF - 133.749z por dealer westduC - Loja: "chill farm"
[11/12/2025, 23:48:00] Pó de Meteorita Escarlate - 28% OFF - 136.999z por Preciose - Loja: "Bodismo"
[11/12/2025, 23:48:00] Pó de Meteorita Solar - 27% OFF - 133.749z por dealer westduC - Loja: "chill farm"
[11/12/2025, 23:48:01] Pó de Meteorita Verdejante - 18% OFF - 156.998z por dealer westduC - Loja: "chill farm"
[12/12/2025, 00:31:37] Pó de Meteorita Escarlate - 11% OFF - 137.249z por VendedorMisterioso - Loja: "EXPED/BIO5 & MAIS"
[12/12/2025, 00:31:38] Pó de Meteorita Verdejante - 13% OFF - 157.000z por BIXA BILUGA - Loja: "E DO LAZAO"
[12/12/2025, 00:38:09] Pó de Meteorita Verdejante - 11% OFF - 157.000z por BIXA BILUGA - Loja: "E DO LAZAO"
[12/12/2025, 00:41:10] Pó de Meteorita Verdejante - 11% OFF - 157.000z por BIXA BILUGA - Loja: "E DO LAZAO"
[12/12/2025, 00:44:10] Pó de Meteorita Verdejante - 11% OFF - 157.000z por BIXA BILUGA - Loja: "E DO LAZAO"
[12/12/2025, 00:47:10] Pó de Meteorita Verdejante - 11% OFF - 157.000z por BIXA BILUGA - Loja: "E DO LAZAO"
[12/12/2025, 00:50:10] Pó de Meteorita Verdejante - 11% OFF - 157.000z por BIXA BILUGA - Loja: "E DO LAZAO"
[12/12/2025, 00:53:10] Pó de Meteorita Verdejante - 11% OFF - 157.000z por BIXA BILUGA - Loja: "E DO LAZAO"
[12/12/2025, 00:56:10] Pó de Meteorita Verdejante - 11% OFF - 157.000z por BIXA BILUGA - Loja: "E DO LAZAO"
[12/12/2025, 00:59:10] Pó de Meteorita Verdejante - 11% OFF - 157.000z por BIXA BILUGA - Loja: "E DO LAZAO"
[12/12/2025, 01:02:10] Pó de Meteorita Verdejante - 11% OFF - 157.000z por BIXA BILUGA - Loja: "E DO LAZAO"
[12/12/2025, 01:05:12] Pó de Meteorita Verdejante - 11% OFF - 157.000z por BIXA BILUGA - Loja: "E DO LAZAO"
[12/12/2025, 01:08:12] Pó de Meteorita Verdejante - 11% OFF - 157.000z por BIXA BILUGA - Loja: "E DO LAZAO"
[12/12/2025, 01:11:12] Pó de Meteorita Verdejante - 11% OFF - 157.000z por BIXA BILUGA - Loja: "E DO LAZAO"
[12/12/2025, 01:14:12] Pó de Meteorita Verdejante - 11% OFF - 157.000z por BIXA BILUGA - Loja: "E DO LAZAO"
[12/12/2025, 01:17:12] Pó de Meteorita Verdejante - 11% OFF - 157.000z por BIXA BILUGA - Loja: "E DO LAZAO"
[12/12/2025, 01:20:12] Pó de Meteorita Verdejante - 11% OFF - 157.000z por BIXA BILUGA - Loja: "E DO LAZAO"
[12/12/2025, 01:23:12] Pó de Meteorita Verdejante - 11% OFF - 157.000z por BIXA BILUGA - Loja: "E DO LAZAO"
[12/12/2025, 01:26:12] Pó de Meteorita Verdejante - 10% OFF - 157.000z por BIXA BILUGA - Loja: "E DO LAZAO"
[12/12/2025, 01:29:12] Pó de Meteorita Verdejante - 10% OFF - 157.000z por BIXA BILUGA - Loja: "E DO LAZAO"
[12/12/2025, 01:32:12] Pó de Meteorita Verdejante - 10% OFF - 157.000z por BIXA BILUGA - Loja: "E DO LAZAO"
[12/12/2025, 01:35:16] Pó de Meteorita Verdejante - 10% OFF - 157.000z por BIXA BILUGA - Loja: "E DO LAZAO"
[12/12/2025, 01:38:12] Pó de Meteorita Verdejante - 10% OFF - 157.000z por BIXA BILUGA - Loja: "E DO LAZAO"
[12/12/2025, 01:41:12] Pó de Meteorita Verdejante - 10% OFF - 157.000z por BIXA BILUGA - Loja: "E DO LAZAO"
[12/12/2025, 01:44:12] Pó de Meteorita Verdejante - 10% OFF - 157.000z por BIXA BILUGA - Loja: "E DO LAZAO"
[12/12/2025, 01:47:12] Pó de Meteorita Verdejante - 10% OFF - 157.000z por BIXA BILUGA - Loja: "E DO LAZAO"
[12/12/2025, 01:50:12] Pó de Meteorita Verdejante - 10% OFF - 157.000z por BIXA BILUGA - Loja: "E DO LAZAO"
[12/12/2025, 01:53:12] Pó de Meteorita Verdejante - 10% OFF - 157.000z por BIXA BILUGA - Loja: "E DO LAZAO"
[12/12/2025, 01:56:12] Pó de Meteorita Verdejante - 10% OFF - 157.000z por BIXA BILUGA - Loja: "E DO LAZAO"
[12/12/2025, 01:59:12] Pó de Meteorita Verdejante - 10% OFF - 157.000z por BIXA BILUGA - Loja: "E DO LAZAO"
[12/12/2025, 02:02:12] Pó de Meteorita Verdejante - 10% OFF - 157.000z por BIXA BILUGA - Loja: "E DO LAZAO"
[12/12/2025, 02:05:12] Pó de Meteorita Verdejante - 10% OFF - 157.000z por BIXA BILUGA - Loja: "E DO LAZAO"
[12/12/2025, 02:08:12] Pó de Meteorita Verdejante - 10% OFF - 157.000z por BIXA BILUGA - Loja: "E DO LAZAO"
[12/12/2025, 02:11:12] Pó de Meteorita Verdejante - 10% OFF - 157.000z por BIXA BILUGA - Loja: "E DO LAZAO"
[12/12/2025, 02:14:12] Pó de Meteorita Verdejante - 10% OFF - 157.000z por BIXA BILUGA - Loja: "E DO LAZAO"
[12/12/2025, 02:17:12] Pó de Meteorita Verdejante - 10% OFF - 157.000z por BIXA BILUGA - Loja: "E DO LAZAO"
[12/12/2025, 02:20:12] Pó de Meteorita Verdejante - 10% OFF - 157.000z por BIXA BILUGA - Loja: "E DO LAZAO"
[12/12/2025, 02:23:12] Pó de Meteorita Verdejante - 10% OFF - 157.000z por BIXA BILUGA - Loja: "E DO LAZAO"
[12/12/2025, 02:26:12] Pó de Meteorita Verdejante - 10% OFF - 157.000z por BIXA BILUGA - Loja: "E DO LAZAO"
[12/12/2025, 02:29:12] Pó de Meteorita Verdejante - 10% OFF - 157.000z por BIXA BILUGA - Loja: "E DO LAZAO"
[12/12/2025, 02:32:12] Pó de Meteorita Verdejante - 10% OFF - 157.000z por BIXA BILUGA - Loja: "E DO LAZAO"
[12/12/2025, 02:35:12] Pó de Meteorita Verdejante - 10% OFF - 157.000z por BIXA BILUGA - Loja: "E DO LAZAO"
[12/12/2025, 02:38:12] Pó de Meteorita Verdejante - 10% OFF - 157.000z por BIXA BILUGA - Loja: "E DO LAZAO"
[12/12/2025, 02:41:12] Pó de Meteorita Verdejante - 10% OFF - 157.000z por BIXA BILUGA - Loja: "E DO LAZAO"
[12/12/2025, 02:44:12] Pó de Meteorita Verdejante - 10% OFF - 157.000z por BIXA BILUGA - Loja: "E DO LAZAO"
[12/12/2025, 02:47:12] Pó de Meteorita Verdejante - 10% OFF - 157.000z por BIXA BILUGA - Loja: "E DO LAZAO"
[12/12/2025, 02:50:12] Pó de Meteorita Verdejante - 10% OFF - 157.000z por BIXA BILUGA - Loja: "E DO LAZAO"
[12/12/2025, 02:53:12] Pó de Meteorita Verdejante - 10% OFF - 157.000z por BIXA BILUGA - Loja: "E DO LAZAO"
[12/12/2025, 02:56:12] Pó de Meteorita Verdejante - 10% OFF - 157.000z por BIXA BILUGA - Loja: "E DO LAZAO"
[12/12/2025, 02:59:12] Pó de Meteorita Verdejante - 10% OFF - 157.000z por BIXA BILUGA - Loja: "E DO LAZAO"
[12/12/2025, 03:02:12] Pó de Meteorita Verdejante - 10% OFF - 157.000z por BIXA BILUGA - Loja: "E DO LAZAO"
[12/12/2025, 03:05:12] Pó de Meteorita Verdejante - 10% OFF - 157.000z por BIXA BILUGA - Loja: "E DO LAZAO"
[12/12/2025, 03:08:12] Pó de Meteorita Verdejante - 10% OFF - 157.000z por BIXA BILUGA - Loja: "E DO LAZAO"
[12/12/2025, 03:11:12] Pó de Meteorita Verdejante - 10% OFF - 157.000z por BIXA BILUGA - Loja: "E DO LAZAO"
[12/12/2025, 03:14:12] Pó de Meteorita Verdejante - 10% OFF - 157.000z por BIXA BILUGA - Loja: "E DO LAZAO"
[12/12/2025, 03:17:12] Pó de Meteorita Verdejante - 10% OFF - 157.000z por BIXA BILUGA - Loja: "E DO LAZAO"
[12/12/2025, 03:20:12] Pó de Meteorita Verdejante - 10% OFF - 157.000z por BIXA BILUGA - Loja: "E DO LAZAO"
[12/12/2025, 03:23:12] Pó de Meteorita Verdejante - 10% OFF - 157.000z por BIXA BILUGA - Loja: "E DO LAZAO"
[12/12/2025, 03:26:12] Pó de Meteorita Verdejante - 10% OFF - 157.000z por BIXA BILUGA - Loja: "E DO LAZAO"
[12/12/2025, 03:29:12] Pó de Meteorita Verdejante - 10% OFF - 157.000z por BIXA BILUGA - Loja: "E DO LAZAO"
[12/12/2025, 03:32:12] Pó de Meteorita Verdejante - 10% OFF - 157.000z por BIXA BILUGA - Loja: "E DO LAZAO"
[12/12/2025, 03:35:12] Pó de Meteorita Verdejante - 10% OFF - 157.000z por BIXA BILUGA - Loja: "E DO LAZAO"
[12/12/2025, 03:38:20] Pó de Meteorita Verdejante - 10% OFF - 157.000z por BIXA BILUGA - Loja: "E DO LAZAO"
[12/12/2025, 03:41:12] Pó de Meteorita Verdejante - 10% OFF - 157.000z por BIXA BILUGA - Loja: "E DO LAZAO"
[12/12/2025, 03:44:12] Pó de Meteorita Verdejante - 10% OFF - 157.000z por BIXA BILUGA - Loja: "E DO LAZAO"
[12/12/2025, 03:47:12] Pó de Meteorita Verdejante - 10% OFF - 157.000z por BIXA BILUGA - Loja: "E DO LAZAO"
[12/12/2025, 03:50:12] Pó de Meteorita Verdejante - 10% OFF - 157.000z por BIXA BILUGA - Loja: "E DO LAZAO"
[12/12/2025, 03:53:12] Pó de Meteorita Verdejante - 10% OFF - 157.000z por BIXA BILUGA - Loja: "E DO LAZAO"
[12/12/2025, 03:56:12] Pó de Meteorita Verdejante - 10% OFF - 157.000z por BIXA BILUGA - Loja: "E DO LAZAO"
[12/12/2025, 03:59:12] Pó de Meteorita Verdejante - 10% OFF - 157.000z por BIXA BILUGA - Loja: "E DO LAZAO"
[12/12/2025, 04:02:12] Pó de Meteorita Verdejante - 10% OFF - 157.000z por BIXA BILUGA - Loja: "E DO LAZAO"
[12/12/2025, 04:05:12] Pó de Meteorita Verdejante - 10% OFF - 157.000z por BIXA BILUGA - Loja: "E DO LAZAO"
[12/12/2025, 04:08:12] Pó de Meteorita Verdejante - 10% OFF - 157.000z por BIXA BILUGA - Loja: "E DO LAZAO"
[12/12/2025, 04:11:12] Pó de Meteorita Verdejante - 10% OFF - 157.000z por BIXA BILUGA - Loja: "E DO LAZAO"
[12/12/2025, 04:14:16] Pó de Meteorita Verdejante - 10% OFF - 157.000z por BIXA BILUGA - Loja: "E DO LAZAO"
[12/12/2025, 04:17:12] Pó de Meteorita Verdejante - 10% OFF - 157.000z por BIXA BILUGA - Loja: "E DO LAZAO"
[12/12/2025, 04:20:12] Pó de Meteorita Verdejante - 10% OFF - 157.000z por BIXA BILUGA - Loja: "E DO LAZAO"
[12/12/2025, 04:23:12] Pó de Meteorita Verdejante - 10% OFF - 157.000z por BIXA BILUGA - Loja: "E DO LAZAO"
[12/12/2025, 04:26:12] Pó de Meteorita Verdejante - 10% OFF - 157.000z por BIXA BILUGA - Loja: "E DO LAZAO"
[12/12/2025, 04:29:12] Pó de Meteorita Verdejante - 10% OFF - 157.000z por BIXA BILUGA - Loja: "E DO LAZAO"
[12/12/2025, 04:32:12] Pó de Meteorita Verdejante - 10% OFF - 157.000z por BIXA BILUGA - Loja: "E DO LAZAO"
[12/12/2025, 04:35:12] Pó de Meteorita Verdejante - 10% OFF - 157.000z por BIXA BILUGA - Loja: "E DO LAZAO"
[12/12/2025, 04:38:12] Pó de Meteorita Verdejante - 10% OFF - 157.000z por BIXA BILUGA - Loja: "E DO LAZAO"
[12/12/2025, 04:41:12] Pó de Meteorita Verdejante - 10% OFF - 157.000z por BIXA BILUGA - Loja: "E DO LAZAO"
[12/12/2025, 04:44:12] Pó de Meteorita Verdejante - 10% OFF - 157.000z por BIXA BILUGA - Loja: "E DO LAZAO"
[12/12/2025, 04:47:12] Pó de Meteorita Verdejante - 10% OFF - 157.000z por BIXA BILUGA - Loja: "E DO LAZAO"
[12/12/2025, 04:50:12] Pó de Meteorita Verdejante - 10% OFF - 157.000z por BIXA BILUGA - Loja: "E DO LAZAO"
[12/12/2025, 04:53:12] Pó de Meteorita Verdejante - 10% OFF - 157.000z por BIXA BILUGA - Loja: "E DO LAZAO"
[12/12/2025, 04:56:12] Pó de Meteorita Verdejante - 10% OFF - 157.000z por BIXA BILUGA - Loja: "E DO LAZAO"
[12/12/2025, 04:59:12] Pó de Meteorita Verdejante - 10% OFF - 157.000z por BIXA BILUGA - Loja: "E DO LAZAO"
[12/12/2025, 05:02:13] Pó de Meteorita Verdejante - 10% OFF - 157.000z por BIXA BILUGA - Loja: "E DO LAZAO"
[12/12/2025, 05:05:12] Pó de Meteorita Verdejante - 10% OFF - 157.000z por BIXA BILUGA - Loja: "E DO LAZAO"
[12/12/2025, 05:08:13] Pó de Meteorita Verdejante - 10% OFF - 157.000z por BIXA BILUGA - Loja: "E DO LAZAO"
[12/12/2025, 05:11:12] Pó de Meteorita Verdejante - 10% OFF - 157.000z por BIXA BILUGA - Loja: "E DO LAZAO"
[12/12/2025, 05:14:13] Pó de Meteorita Verdejante - 10% OFF - 157.000z por BIXA BILUGA - Loja: "E DO LAZAO"
[12/12/2025, 05:17:12] Pó de Meteorita Verdejante - 10% OFF - 157.000z por BIXA BILUGA - Loja: "E DO LAZAO"
[12/12/2025, 05:20:13] Pó de Meteorita Verdejante - 10% OFF - 157.000z por BIXA BILUGA - Loja: "E DO LAZAO"
[12/12/2025, 05:23:12] Pó de Meteorita Verdejante - 10% OFF - 157.000z por BIXA BILUGA - Loja: "E DO LAZAO"
[12/12/2025, 05:26:13] Pó de Meteorita Verdejante - 10% OFF - 157.000z por BIXA BILUGA - Loja: "E DO LAZAO"
[12/12/2025, 05:29:12] Pó de Meteorita Verdejante - 10% OFF - 157.000z por BIXA BILUGA - Loja: "E DO LAZAO"
[12/12/2025, 05:32:13] Pó de Meteorita Verdejante - 10% OFF - 157.000z por BIXA BILUGA - Loja: "E DO LAZAO"
[12/12/2025, 05:35:12] Pó de Meteorita Verdejante - 10% OFF - 157.000z por BIXA BILUGA - Loja: "E DO LAZAO"
[12/12/2025, 05:38:13] Pó de Meteorita Verdejante - 10% OFF - 157.000z por BIXA BILUGA - Loja: "E DO LAZAO"
[12/12/2025, 05:41:12] Pó de Meteorita Verdejante - 10% OFF - 157.000z por BIXA BILUGA - Loja: "E DO LAZAO"
[12/12/2025, 05:44:13] Pó de Meteorita Verdejante - 10% OFF - 157.000z por BIXA BILUGA - Loja: "E DO LAZAO"
[12/12/2025, 05:47:12] Pó de Meteorita Verdejante - 10% OFF - 157.000z por BIXA BILUGA - Loja: "E DO LAZAO"
[12/12/2025, 05:50:14] Pó de Meteorita Verdejante - 10% OFF - 157.000z por BIXA BILUGA - Loja: "E DO LAZAO"
[12/12/2025, 05:53:16] Pó de Meteorita Verdejante - 10% OFF - 157.000z por BIXA BILUGA - Loja: "E DO LAZAO"
[12/12/2025, 05:56:13] Pó de Meteorita Verdejante - 10% OFF - 157.000z por BIXA BILUGA - Loja: "E DO LAZAO"
[12/12/2025, 05:59:12] Pó de Meteorita Verdejante - 10% OFF - 157.000z por BIXA BILUGA - Loja: "E DO LAZAO"
[12/12/2025, 06:02:13] Pó de Meteorita Verdejante - 10% OFF - 157.000z por BIXA BILUGA - Loja: "E DO LAZAO"
[12/12/2025, 06:05:12] Pó de Meteorita Verdejante - 10% OFF - 157.000z por BIXA BILUGA - Loja: "E DO LAZAO"
[12/12/2025, 06:08:13] Pó de Meteorita Verdejante - 10% OFF - 157.000z por BIXA BILUGA - Loja: "E DO LAZAO"
[12/12/2025, 06:11:13] Pó de Meteorita Verdejante - 10% OFF - 157.000z por BIXA BILUGA - Loja: "E DO LAZAO"
[12/12/2025, 06:14:13] Pó de Meteorita Verdejante - 10% OFF - 157.000z por BIXA BILUGA - Loja: "E DO LAZAO"
[12/12/2025, 06:17:12] Pó de Meteorita Verdejante - 10% OFF - 157.000z por BIXA BILUGA - Loja: "E DO LAZAO"
[12/12/2025, 06:20:13] Pó de Meteorita Verdejante - 10% OFF - 157.000z por BIXA BILUGA - Loja: "E DO LAZAO"
[12/12/2025, 06:23:13] Pó de Meteorita Verdejante - 10% OFF - 157.000z por BIXA BILUGA - Loja: "E DO LAZAO"
[12/12/2025, 06:26:13] Pó de Meteorita Verdejante - 10% OFF - 157.000z por BIXA BILUGA - Loja: "E DO LAZAO"
[12/12/2025, 06:29:13] Pó de Meteorita Verdejante - 10% OFF - 157.000z por BIXA BILUGA - Loja: "E DO LAZAO"
[12/12/2025, 06:32:13] Pó de Meteorita Verdejante - 10% OFF - 157.000z por BIXA BILUGA - Loja: "E DO LAZAO"
[12/12/2025, 06:35:13] Pó de Meteorita Verdejante - 10% OFF - 157.000z por BIXA BILUGA - Loja: "E DO LAZAO"
[12/12/2025, 06:38:13] Pó de Meteorita Verdejante - 10% OFF - 157.000z por BIXA BILUGA - Loja: "E DO LAZAO"
[12/12/2025, 06:41:13] Pó de Meteorita Verdejante - 10% OFF - 157.000z por BIXA BILUGA - Loja: "E DO LAZAO"
[12/12/2025, 06:44:13] Pó de Meteorita Verdejante - 10% OFF - 157.000z por BIXA BILUGA - Loja: "E DO LAZAO"
[12/12/2025, 06:47:13] Pó de Meteorita Verdejante - 10% OFF - 157.000z por BIXA BILUGA - Loja: "E DO LAZAO"
[12/12/2025, 06:50:13] Pó de Meteorita Verdejante - 10% OFF - 157.000z por BIXA BILUGA - Loja: "E DO LAZAO"
[12/12/2025, 06:53:13] Pó de Meteorita Verdejante - 10% OFF - 157.000z por BIXA BILUGA - Loja: "E DO LAZAO"
[12/12/2025, 06:56:13] Pó de Meteorita Verdejante - 10% OFF - 157.000z por BIXA BILUGA - Loja: "E DO LAZAO"
[12/12/2025, 06:59:13] Pó de Meteorita Verdejante - 10% OFF - 157.000z por BIXA BILUGA - Loja: "E DO LAZAO"
[12/12/2025, 07:02:13] Pó de Meteorita Verdejante - 10% OFF - 157.000z por BIXA BILUGA - Loja: "E DO LAZAO"
[12/12/2025, 07:05:13] Pó de Meteorita Verdejante - 10% OFF - 157.000z por BIXA BILUGA - Loja: "E DO LAZAO"
[12/12/2025, 07:08:13] Pó de Meteorita Verdejante - 10% OFF - 157.000z por BIXA BILUGA - Loja: "E DO LAZAO"
[12/12/2025, 07:11:13] Pó de Meteorita Verdejante - 10% OFF - 157.000z por BIXA BILUGA - Loja: "E DO LAZAO"
[12/12/2025, 07:14:13] Pó de Meteorita Verdejante - 10% OFF - 157.000z por BIXA BILUGA - Loja: "E DO LAZAO"
[12/12/2025, 07:17:18] Pó de Meteorita Verdejante - 10% OFF - 157.000z por BIXA BILUGA - Loja: "E DO LAZAO"
[12/12/2025, 07:20:13] Pó de Meteorita Verdejante - 10% OFF - 157.000z por BIXA BILUGA - Loja: "E DO LAZAO"
[12/12/2025, 07:23:13] Pó de Meteorita Verdejante - 10% OFF - 157.000z por BIXA BILUGA - Loja: "E DO LAZAO"
[12/12/2025, 07:26:13] Pó de Meteorita Verdejante - 10% OFF - 157.000z por BIXA BILUGA - Loja: "E DO LAZAO"
[12/12/2025, 07:29:13] Pó de Meteorita Verdejante - 10% OFF - 157.000z por BIXA BILUGA - Loja: "E DO LAZAO"
[12/12/2025, 07:32:13] Pó de Meteorita Verdejante - 10% OFF - 157.000z por BIXA BILUGA - Loja: "E DO LAZAO"
[12/12/2025, 07:35:13] Pó de Meteorita Verdejante - 10% OFF - 157.000z por BIXA BILUGA - Loja: "E DO LAZAO"
[12/12/2025, 07:38:13] Pó de Meteorita Verdejante - 10% OFF - 157.000z por BIXA BILUGA - Loja: "E DO LAZAO"
[12/12/2025, 07:41:13] Pó de Meteorita Verdejante - 10% OFF - 157.000z por BIXA BILUGA - Loja: "E DO LAZAO"
[12/12/2025, 07:44:13] Pó de Meteorita Verdejante - 10% OFF - 157.000z por BIXA BILUGA - Loja: "E DO LAZAO"
[12/12/2025, 07:47:13] Pó de Meteorita Verdejante - 10% OFF - 157.000z por BIXA BILUGA - Loja: "E DO LAZAO"
[12/12/2025, 07:50:38] Pó de Meteorita Verdejante - 10% OFF - 157.000z por BIXA BILUGA - Loja: "E DO LAZAO"
[12/12/2025, 07:53:13] Pó de Meteorita Verdejante - 10% OFF - 157.000z por BIXA BILUGA - Loja: "E DO LAZAO"
[12/12/2025, 07:56:13] Pó de Meteorita Verdejante - 10% OFF - 157.000z por BIXA BILUGA - Loja: "E DO LAZAO"
[12/12/2025, 07:59:13] Pó de Meteorita Verdejante - 10% OFF - 157.000z por BIXA BILUGA - Loja: "E DO LAZAO"
[12/12/2025, 08:02:13] Pó de Meteorita Verdejante - 10% OFF - 157.000z por BIXA BILUGA - Loja: "E DO LAZAO"
[12/12/2025, 08:05:14] Pó de Meteorita Verdejante - 10% OFF - 157.000z por BIXA BILUGA - Loja: "E DO LAZAO"
[12/12/2025, 08:46:11] Pó de Meteorita Verdejante - 10% OFF - 157.000z por BIXA BILUGA - Loja: "E DO LAZAO"
[12/12/2025, 11:43:21] Alma Sombria - 57% OFF - 3.997z por Billions - Loja: "in the same time"
